23:04:38.271 [main] INFO  com.intuit.karate - Karate version: 1.4.0
23:04:44.268 [main] DEBUG com.intuit.karate.Suite - [config] classpath:karate-config.js
23:04:44.600 [main] INFO  c.intuit.karate.core.FeatureRuntime - found scenario at line: 6
23:04:57.349 [main] INFO  com.intuit.karate - karate.env system property was: null 
23:05:00.877 [main] DEBUG com.intuit.karate - request:
1 > POST https://book-system-management.onrender.com/api/v1/users/login/admin
1 > Content-Type: application/json; charset=UTF-8
1 > Content-Length: 51
1 > Host: book-system-management.onrender.com
1 > Connection: Keep-Alive
1 > User-Agent: Apache-HttpClient/4.5.14 (Java/11)
1 > Accept-Encoding: gzip,deflate
{"email":"erwinsmith@gmail.com","password":"99999"}

23:05:03.244 [main] DEBUG com.intuit.karate - response time in milliseconds: 2349
1 < 200
1 < Date: Mon, 18 Sep 2023 04:05:02 GMT
1 < Content-Type: application/json; charset=utf-8
1 < Connection: keep-alive
1 < CF-Ray: 8086b54e292e3ecd-BOG
1 < CF-Cache-Status: DYNAMIC
1 < ETag: W/"1f0-i1/OmFSOVYVPEzlxSNY4kVtFGH4"
1 < Vary: Accept-Encoding
1 < x-powered-by: Express
1 < x-render-origin-server: Render
1 < Server: cloudflare
1 < alt-svc: h3=":443"; ma=86400
{"_id":"6488f63a3d961425ec464caf","name":"Erwin","lastname":"Smith","email":"erwinsmith@gmail.com","password":"$2a$10$nywBhl8LMy6uJz4PlTBsquDcGmsXhZy3sQnqgiEwFNdDKd9XtCSHy","role":"admin","createdAt":"2023-06-13T23:05:30.979Z","updatedAt":"2023-06-13T23:05:30.979Z","token":"eyJhbGciOiJIUzI1NiIsInR5cCI6IkpXVCJ9.eyJ1c2VyX2lkIjoiNjQ4OGY2M2EzZDk2MTQyNWVjNDY0Y2FmIiwiZW1haWwiOiJlcndpbnNtaXRoQGdtYWlsLmNvbSIsImlhdCI6MTY5NTAwOTkwMiwiZXhwIjoxNjk1MDE3MTAyfQ.FpUYiO0QNfOhVOq2I0AJeVOaNXucaundRH-FoDsSkGI"}

23:05:08.015 [main] INFO  com.intuit.karate.Suite - <<pass>> feature 1 of 1 (0 remaining) src/test/java/examples/booksmanagement/books.feature
